<?xml version="1.0" encoding="UTF-8"?>
<testng-results ignored="0" total="0" passed="0" failed="0" skipped="0">
  <reporter-output>
  </reporter-output>
  <suite started-at="2023-03-09T20:15:56 WIB" name="Test Suite Login" finished-at="2023-03-09T20:15:56 WIB" duration-ms="6">
    <groups>
    </groups>
    <test started-at="2023-03-09T20:15:56 WIB" name="Test Login heroku" finished-at="2023-03-09T20:15:56 WIB" duration-ms="6">
    </test> <!-- Test Login heroku -->
  </suite> <!-- Test Suite Login -->
</testng-results>
